<?xml version="1.0" encoding="UTF-8"?>
<!-- Generated by org.testng.reporters.JUnitReportReporter -->
<testsuite hostname="BDC7-D-FNRXQG2" failures="0" tests="1" name="com.test.loginPage" time="17.469" errors="0" timestamp="19 May 2018 10:17:00 GMT" skipped="0">
  <testcase classname="com.test.loginPage" name="loginpage" time="17.469"/>
</testsuite> <!-- com.test.loginPage -->
