<?xml version="1.0" encoding="UTF-8"?>
<!-- Generated by org.testng.reporters.JUnitReportReporter -->
<testsuite hostname="BDC7-D-FNRXQG2" failures="0" tests="6" name="com.test.NewTest" time="31.033" errors="0" timestamp="20 May 2018 07:02:25 GMT" skipped="0">
  <testcase classname="com.test.NewTest" name="testMercuryToursWelcome" time="5.758"/>
  <testcase classname="com.test.NewTest" name="testMercuryToursWelcome" time="5.494"/>
  <testcase classname="com.test.NewTest" name="testMercuryToursRegister" time="5.053"/>
  <testcase classname="com.test.NewTest" name="testMercuryToursRegister" time="4.701"/>
  <testcase classname="com.test.NewTest" name="testMercuryToursLogin" time="4.358"/>
  <testcase classname="com.test.NewTest" name="testMercuryToursLogin" time="5.669"/>
</testsuite> <!-- com.test.NewTest -->
