<?xml version="1.0" encoding="UTF-8"?>
<!-- Generated by org.testng.reporters.JUnitReportReporter -->
<testsuite hostname="BDC7-D-FNRXQG2" failures="0" tests="1" name="com.test.test1" time="17.399" errors="0" timestamp="19 May 2018 06:21:22 GMT" skipped="0">
  <testcase classname="com.test.test1" name="testHDFC" time="17.399"/>
</testsuite> <!-- com.test.test1 -->
