<?xml version="1.0" encoding="UTF-8"?>
<!-- Generated by org.testng.reporters.JUnitReportReporter -->
<testsuite hostname="BDC7-D-FNRXQG2" failures="0" tests="1" name="com.test.dragDrop" time="12.112" errors="0" timestamp="20 May 2018 03:25:17 GMT" skipped="0">
  <testcase classname="com.test.dragDrop" name="testDragDrop" time="12.112"/>
</testsuite> <!-- com.test.dragDrop -->
